[2018-04-05T09:12:30.860] [INFO] wechatOffical - class extends Model {}同步完成
[2018-04-05T09:12:30.910] [INFO] wechatOffical - 数据库同步完成
[2018-04-05T09:12:38.367] [INFO] wechatOffical - server run at http://0.0.0.0:1234
[2018-04-05T17:07:59.287] [INFO] wechatOffical - class extends Model {}同步完成
[2018-04-05T17:07:59.385] [INFO] wechatOffical - 数据库同步完成
[2018-04-05T17:08:05.793] [INFO] wechatOffical - server run at http://0.0.0.0:1234
[2018-04-05T17:09:05.514] [INFO] wechatOffical - 服务器配置成功,返回给微信服务器的数据echostr: 17506347656409378750
[2018-04-05T17:10:03.634] [INFO] wechatOffical - class extends Model {}同步完成
[2018-04-05T17:10:03.636] [INFO] wechatOffical - 数据库同步完成
[2018-04-05T17:10:03.821] [INFO] wechatOffical - server run at http://0.0.0.0:1234
[2018-04-05T17:14:07.780] [INFO] wechatOffical - class extends Model {}同步完成
[2018-04-05T17:14:07.783] [INFO] wechatOffical - 数据库同步完成
[2018-04-05T17:14:08.020] [INFO] wechatOffical - server run at http://0.0.0.0:1234
[2018-04-05T17:14:52.643] [INFO] wechatOffical - 用户通过公众号请求的数据：{"ToUserName":"gh_8596e5cbfe10","FromUserName":"oJ93R07DIB5MLhMamBbdc6QErU8A","CreateTime":"1522919687","MsgType":"event","Event":"CLICK","EventKey":"bind"}
[2018-04-05T17:15:12.584] [INFO] wechatOffical - Token文件获取access_token：{"access_token":"8_VuTNEBcUrEffC8TlV19fNdMRqQmBQ4ZtTE5vduWmogtYXg_eaxElgiQ33H0hXTiNYewmZODL_bvYBNKNIlJpITcYD1x3yuNFF0V8LACt7gM","expires_in":7200,"refresh_token":"8_9GN-5M3d2kFUlo3n1h2hkn1XazCVrsoaWvQ5UMNgfNs7CqIYtqpUab12uFtjcVDm_cQmRPNrpXX6NS49AOXz7DMh3lPV78iXAa0MKWPLoyY","openid":"oJ93R07DIB5MLhMamBbdc6QErU8A","scope":"snsapi_base"}
[2018-04-05T17:15:12.584] [INFO] wechatOffical - Token处理后获取access_token：{"access_token":"8_VuTNEBcUrEffC8TlV19fNdMRqQmBQ4ZtTE5vduWmogtYXg_eaxElgiQ33H0hXTiNYewmZODL_bvYBNKNIlJpITcYD1x3yuNFF0V8LACt7gM","expires_in":1522926892584,"refresh_token":"8_9GN-5M3d2kFUlo3n1h2hkn1XazCVrsoaWvQ5UMNgfNs7CqIYtqpUab12uFtjcVDm_cQmRPNrpXX6NS49AOXz7DMh3lPV78iXAa0MKWPLoyY","openid":"oJ93R07DIB5MLhMamBbdc6QErU8A","scope":"snsapi_base"}
[2018-04-05T17:15:32.289] [INFO] wechatOffical - Token文件获取access_token：{"errcode":40029,"errmsg":"invalid code, hints: [ req_id: dUFZna0727th56 ]"}
[2018-04-05T17:15:32.289] [INFO] wechatOffical - Token处理后获取access_token：{"errcode":40029,"errmsg":"invalid code, hints: [ req_id: dUFZna0727th56 ]","expires_in":null}
[2018-04-05T17:17:42.782] [INFO] wechatOffical - class extends Model {}同步完成
[2018-04-05T17:17:42.784] [INFO] wechatOffical - 数据库同步完成
[2018-04-05T17:17:43.049] [INFO] wechatOffical - server run at http://0.0.0.0:1234
[2018-04-05T17:17:52.309] [INFO] wechatOffical - Token文件获取access_token：{"access_token":"8_2h1LC1R2ches-JgbpwgS5xe80c1B-eBX_psV-vB33RxM2WVdXii2QZjVrxNlrRo0on-A7f0LYByYzZNy93bRdbL3Bnmfa8caYLES9fELvVs","expires_in":7200,"refresh_token":"8_gnUom_3rzdHJLnP-tsiCjLfOtiArGSbUvgbHKMEEQxbwVGOBGGQI0yUY5Obab75yaTW3LV1zknHh7BMzEFQC_r-r5XqRkiTWJtFlTHHZZF8","openid":"oJ93R07DIB5MLhMamBbdc6QErU8A","scope":"snsapi_base"}
[2018-04-05T17:17:52.314] [INFO] wechatOffical - Token处理后获取access_token：{"access_token":"8_2h1LC1R2ches-JgbpwgS5xe80c1B-eBX_psV-vB33RxM2WVdXii2QZjVrxNlrRo0on-A7f0LYByYzZNy93bRdbL3Bnmfa8caYLES9fELvVs","expires_in":1522927052314,"refresh_token":"8_gnUom_3rzdHJLnP-tsiCjLfOtiArGSbUvgbHKMEEQxbwVGOBGGQI0yUY5Obab75yaTW3LV1zknHh7BMzEFQC_r-r5XqRkiTWJtFlTHHZZF8","openid":"oJ93R07DIB5MLhMamBbdc6QErU8A","scope":"snsapi_base"}
[2018-04-05T17:17:52.389] [INFO] wechatOffical - 数据查询用户是否存在：null
[2018-04-05T17:18:03.889] [INFO] wechatOffical - Token文件获取access_token：{"errcode":40029,"errmsg":"invalid code, hints: [ req_id: XUVI9a0878th21 ]"}
[2018-04-05T17:18:03.892] [INFO] wechatOffical - Token处理后获取access_token：{"errcode":40029,"errmsg":"invalid code, hints: [ req_id: XUVI9a0878th21 ]","expires_in":null}
[2018-04-05T17:19:47.129] [INFO] wechatOffical - class extends Model {}同步完成
[2018-04-05T17:19:47.132] [INFO] wechatOffical - 数据库同步完成
[2018-04-05T17:19:47.319] [INFO] wechatOffical - server run at http://0.0.0.0:1234
[2018-04-05T17:19:56.992] [INFO] wechatOffical - Token文件获取access_token：{"access_token":"8_9k1J4Yvnl6HGyTbVSSyRHbSRfyGn3HvPtkdNbTC9pnRN92eeBW_Rf9WZhxBNSxFKdEjF7A6MRM70UwzaMDdq4h2ol6D_CzCPlQfz4R3FhRM","expires_in":7200,"refresh_token":"8_RYazoAFiyllef37Ax0Q5SyrbU6yE3PPkUjLAkw30N0lObBltdWxX0BbTMsY8mK876fHMKFj_WcT9zWUuarnLx1LCuXQuZYTqZ0--pf4vspo","openid":"oJ93R07DIB5MLhMamBbdc6QErU8A","scope":"snsapi_base"}
[2018-04-05T17:19:56.997] [INFO] wechatOffical - Token处理后获取access_token：{"access_token":"8_9k1J4Yvnl6HGyTbVSSyRHbSRfyGn3HvPtkdNbTC9pnRN92eeBW_Rf9WZhxBNSxFKdEjF7A6MRM70UwzaMDdq4h2ol6D_CzCPlQfz4R3FhRM","expires_in":1522927176997,"refresh_token":"8_RYazoAFiyllef37Ax0Q5SyrbU6yE3PPkUjLAkw30N0lObBltdWxX0BbTMsY8mK876fHMKFj_WcT9zWUuarnLx1LCuXQuZYTqZ0--pf4vspo","openid":"oJ93R07DIB5MLhMamBbdc6QErU8A","scope":"snsapi_base"}
[2018-04-05T17:19:56.999] [INFO] wechatOffical - 根据code获取的access_token数据：{"access_token":"8_9k1J4Yvnl6HGyTbVSSyRHbSRfyGn3HvPtkdNbTC9pnRN92eeBW_Rf9WZhxBNSxFKdEjF7A6MRM70UwzaMDdq4h2ol6D_CzCPlQfz4R3FhRM","expires_in":1522927176997,"refresh_token":"8_RYazoAFiyllef37Ax0Q5SyrbU6yE3PPkUjLAkw30N0lObBltdWxX0BbTMsY8mK876fHMKFj_WcT9zWUuarnLx1LCuXQuZYTqZ0--pf4vspo","openid":"oJ93R07DIB5MLhMamBbdc6QErU8A","scope":"snsapi_base"}
[2018-04-05T17:19:57.047] [INFO] wechatOffical - 数据查询用户是否存在：null
[2018-04-05T17:20:01.034] [INFO] wechatOffical - Token文件获取access_token：{"access_token":"8_k8p5LvafLwY5k8zX9B_LOgo50akdoIsMvqXP13HFIRRBNnhMrNYeBhZYSScAbyOR2aUNg26PMy9Bns2K4QMNlXZ8tyxrkipVBuzK5VAFEDU","expires_in":7200,"refresh_token":"8_PnWz_V5bAmVZkQC5mBSDoCIs78wkVWyC3ZxSZ28CpeAf2NwqiBSKH-tCHcoZ_-eD2S_QfB1PP7XChDTfdJBboCsYy7DqO0JNAMrnS8gcffw","openid":"oJ93R07DIB5MLhMamBbdc6QErU8A","scope":"snsapi_base"}
[2018-04-05T17:20:01.039] [INFO] wechatOffical - Token处理后获取access_token：{"access_token":"8_k8p5LvafLwY5k8zX9B_LOgo50akdoIsMvqXP13HFIRRBNnhMrNYeBhZYSScAbyOR2aUNg26PMy9Bns2K4QMNlXZ8tyxrkipVBuzK5VAFEDU","expires_in":1522927181039,"refresh_token":"8_PnWz_V5bAmVZkQC5mBSDoCIs78wkVWyC3ZxSZ28CpeAf2NwqiBSKH-tCHcoZ_-eD2S_QfB1PP7XChDTfdJBboCsYy7DqO0JNAMrnS8gcffw","openid":"oJ93R07DIB5MLhMamBbdc6QErU8A","scope":"snsapi_base"}
[2018-04-05T17:20:01.042] [INFO] wechatOffical - 根据code获取的access_token数据：{"access_token":"8_k8p5LvafLwY5k8zX9B_LOgo50akdoIsMvqXP13HFIRRBNnhMrNYeBhZYSScAbyOR2aUNg26PMy9Bns2K4QMNlXZ8tyxrkipVBuzK5VAFEDU","expires_in":1522927181039,"refresh_token":"8_PnWz_V5bAmVZkQC5mBSDoCIs78wkVWyC3ZxSZ28CpeAf2NwqiBSKH-tCHcoZ_-eD2S_QfB1PP7XChDTfdJBboCsYy7DqO0JNAMrnS8gcffw","openid":"oJ93R07DIB5MLhMamBbdc6QErU8A","scope":"snsapi_base"}
[2018-04-05T17:20:01.079] [INFO] wechatOffical - 数据查询用户是否存在：null
[2018-04-05T17:20:25.922] [INFO] wechatOffical - Token文件获取access_token：{"errcode":40029,"errmsg":"invalid code, hints: [ req_id: p8yA5a0021th24 ]"}
[2018-04-05T17:20:25.922] [INFO] wechatOffical - Token处理后获取access_token：{"errcode":40029,"errmsg":"invalid code, hints: [ req_id: p8yA5a0021th24 ]","expires_in":null}
[2018-04-05T17:21:37.495] [INFO] wechatOffical - class extends Model {}同步完成
[2018-04-05T17:21:37.498] [INFO] wechatOffical - 数据库同步完成
[2018-04-05T17:21:37.678] [INFO] wechatOffical - server run at http://0.0.0.0:1234
[2018-04-05T17:21:46.310] [INFO] wechatOffical - Token文件获取access_token：{"access_token":"8_NXJRGTbemlN-Q8Mvsuhv0LJHg3ercJIzecJWPjMpMGyacRP6SO7EVDkWY0fcUJiJT2htLxsTUgVAXOZuDLTRHhf5YgmXmfVdYlMW3CBmP7Y","expires_in":7200,"refresh_token":"8_TuV64n1sNMn-98izNibiHvqS85YlibrGTQ539P6fStd2PHj82Ml8KbC_4ceiIIuRSvHLtehvmVFD6-vhCNFpO3SY2itYECwWYY6bXxPWPNk","openid":"oJ93R07DIB5MLhMamBbdc6QErU8A","scope":"snsapi_base"}
[2018-04-05T17:21:46.315] [INFO] wechatOffical - Token处理后获取access_token：{"access_token":"8_NXJRGTbemlN-Q8Mvsuhv0LJHg3ercJIzecJWPjMpMGyacRP6SO7EVDkWY0fcUJiJT2htLxsTUgVAXOZuDLTRHhf5YgmXmfVdYlMW3CBmP7Y","expires_in":1522927286315,"refresh_token":"8_TuV64n1sNMn-98izNibiHvqS85YlibrGTQ539P6fStd2PHj82Ml8KbC_4ceiIIuRSvHLtehvmVFD6-vhCNFpO3SY2itYECwWYY6bXxPWPNk","openid":"oJ93R07DIB5MLhMamBbdc6QErU8A","scope":"snsapi_base"}
[2018-04-05T17:21:46.318] [INFO] wechatOffical - 根据code获取的access_token数据：{"access_token":"8_NXJRGTbemlN-Q8Mvsuhv0LJHg3ercJIzecJWPjMpMGyacRP6SO7EVDkWY0fcUJiJT2htLxsTUgVAXOZuDLTRHhf5YgmXmfVdYlMW3CBmP7Y","expires_in":1522927286315,"refresh_token":"8_TuV64n1sNMn-98izNibiHvqS85YlibrGTQ539P6fStd2PHj82Ml8KbC_4ceiIIuRSvHLtehvmVFD6-vhCNFpO3SY2itYECwWYY6bXxPWPNk","openid":"oJ93R07DIB5MLhMamBbdc6QErU8A","scope":"snsapi_base"}
[2018-04-05T17:21:46.385] [INFO] wechatOffical - 数据查询用户是否存在：null
[2018-04-05T17:21:46.508] [INFO] wechatOffical - Token文件获取access_token：{"access_token":"8_NXJRGTbemlN-Q8Mvsuhv0MHDn8Djp82-mTRDcf64RT0jH0GWfpWUeW4UWfCqYJtIWzUOos5qx7GdJRWA_8_BC2NcyU7wCMSAyphssmXcVxI","expires_in":7200,"refresh_token":"8_9GN-5M3d2kFUlo3n1h2hkmpNBBja4cDFi_c8EWrmkoxrWUCtxADQ-ScaAzvC2F0o0JVgmlUaOsrvk4tfF8qLOBtsTRL9n5r3d7AGur0ik1w","openid":"oJ93R07DIB5MLhMamBbdc6QErU8A","scope":"snsapi_base"}
[2018-04-05T17:21:46.510] [INFO] wechatOffical - Token处理后获取access_token：{"access_token":"8_NXJRGTbemlN-Q8Mvsuhv0MHDn8Djp82-mTRDcf64RT0jH0GWfpWUeW4UWfCqYJtIWzUOos5qx7GdJRWA_8_BC2NcyU7wCMSAyphssmXcVxI","expires_in":1522927286510,"refresh_token":"8_9GN-5M3d2kFUlo3n1h2hkmpNBBja4cDFi_c8EWrmkoxrWUCtxADQ-ScaAzvC2F0o0JVgmlUaOsrvk4tfF8qLOBtsTRL9n5r3d7AGur0ik1w","openid":"oJ93R07DIB5MLhMamBbdc6QErU8A","scope":"snsapi_base"}
[2018-04-05T17:21:46.515] [INFO] wechatOffical - 根据code获取的access_token数据：{"access_token":"8_NXJRGTbemlN-Q8Mvsuhv0MHDn8Djp82-mTRDcf64RT0jH0GWfpWUeW4UWfCqYJtIWzUOos5qx7GdJRWA_8_BC2NcyU7wCMSAyphssmXcVxI","expires_in":1522927286510,"refresh_token":"8_9GN-5M3d2kFUlo3n1h2hkmpNBBja4cDFi_c8EWrmkoxrWUCtxADQ-ScaAzvC2F0o0JVgmlUaOsrvk4tfF8qLOBtsTRL9n5r3d7AGur0ik1w","openid":"oJ93R07DIB5MLhMamBbdc6QErU8A","scope":"snsapi_base"}
[2018-04-05T17:21:46.528] [INFO] wechatOffical - 数据查询用户是否存在：null
[2018-04-05T17:22:23.372] [INFO] wechatOffical - class extends Model {}同步完成
[2018-04-05T17:22:23.374] [INFO] wechatOffical - 数据库同步完成
[2018-04-05T17:22:23.564] [INFO] wechatOffical - server run at http://0.0.0.0:1234
[2018-04-05T17:22:28.652] [INFO] wechatOffical - Token文件获取access_token：{"access_token":"8_HZ_4iZBI8KVusD7zij58VB6-_CiswWs7R_X0oXTdEpRtESsWMqw7EOfQVSjFU2da_GLSTj0Yhi3lLxl0HE2jZnoTGWGiMcjGFl4QqyAxnNg","expires_in":7200,"refresh_token":"8_QZ-luTuN27tx6m9vk1PW7v0glixtMqRecDEgMy29UKjld83ScbKkoxMBKbO0XktigiimSll0JdYU0VYjDtsGs6YjNcns3hEqOSXKMiSbL2I","openid":"oJ93R07DIB5MLhMamBbdc6QErU8A","scope":"snsapi_base"}
[2018-04-05T17:22:28.654] [INFO] wechatOffical - Token处理后获取access_token：{"access_token":"8_HZ_4iZBI8KVusD7zij58VB6-_CiswWs7R_X0oXTdEpRtESsWMqw7EOfQVSjFU2da_GLSTj0Yhi3lLxl0HE2jZnoTGWGiMcjGFl4QqyAxnNg","expires_in":1522927328654,"refresh_token":"8_QZ-luTuN27tx6m9vk1PW7v0glixtMqRecDEgMy29UKjld83ScbKkoxMBKbO0XktigiimSll0JdYU0VYjDtsGs6YjNcns3hEqOSXKMiSbL2I","openid":"oJ93R07DIB5MLhMamBbdc6QErU8A","scope":"snsapi_base"}
[2018-04-05T17:22:28.657] [INFO] wechatOffical - 根据code获取的access_token数据：{"access_token":"8_HZ_4iZBI8KVusD7zij58VB6-_CiswWs7R_X0oXTdEpRtESsWMqw7EOfQVSjFU2da_GLSTj0Yhi3lLxl0HE2jZnoTGWGiMcjGFl4QqyAxnNg","expires_in":1522927328654,"refresh_token":"8_QZ-luTuN27tx6m9vk1PW7v0glixtMqRecDEgMy29UKjld83ScbKkoxMBKbO0XktigiimSll0JdYU0VYjDtsGs6YjNcns3hEqOSXKMiSbL2I","openid":"oJ93R07DIB5MLhMamBbdc6QErU8A","scope":"snsapi_base"}
[2018-04-05T17:22:28.704] [INFO] wechatOffical - 数据查询用户是否存在：null
[2018-04-05T17:24:07.869] [INFO] wechatOffical - class extends Model {}同步完成
[2018-04-05T17:24:07.869] [INFO] wechatOffical - 数据库同步完成
[2018-04-05T17:24:08.109] [INFO] wechatOffical - server run at http://0.0.0.0:1234
[2018-04-05T17:24:22.383] [INFO] wechatOffical - Token文件获取access_token：{"access_token":"8_qxhJ5NG0Ut89zc9JOtE3oE0QkfEPJCNo83I_LXraD63OwoDVCWMOE6nda_uTiSVIaGZnITya1qf06CAuuhQU9DyJQwWGWJt-S3SFp_YKFeo","expires_in":7200,"refresh_token":"8_hFDiIUzShgNBEOcBaq9AMAfcZ3WkPdHqMOcVRTaMK4FvaT57NpvOS8GqCfHi2-uO4zLFTwBVASxBShW2V4yI-QmSxYsOiU3efvc7H6z4F3M","openid":"oJ93R07DIB5MLhMamBbdc6QErU8A","scope":"snsapi_base"}
[2018-04-05T17:24:22.399] [INFO] wechatOffical - Token处理后获取access_token：{"access_token":"8_qxhJ5NG0Ut89zc9JOtE3oE0QkfEPJCNo83I_LXraD63OwoDVCWMOE6nda_uTiSVIaGZnITya1qf06CAuuhQU9DyJQwWGWJt-S3SFp_YKFeo","expires_in":1522927442399,"refresh_token":"8_hFDiIUzShgNBEOcBaq9AMAfcZ3WkPdHqMOcVRTaMK4FvaT57NpvOS8GqCfHi2-uO4zLFTwBVASxBShW2V4yI-QmSxYsOiU3efvc7H6z4F3M","openid":"oJ93R07DIB5MLhMamBbdc6QErU8A","scope":"snsapi_base"}
[2018-04-05T17:24:22.399] [INFO] wechatOffical - 根据code获取的access_token数据：{"access_token":"8_qxhJ5NG0Ut89zc9JOtE3oE0QkfEPJCNo83I_LXraD63OwoDVCWMOE6nda_uTiSVIaGZnITya1qf06CAuuhQU9DyJQwWGWJt-S3SFp_YKFeo","expires_in":1522927442399,"refresh_token":"8_hFDiIUzShgNBEOcBaq9AMAfcZ3WkPdHqMOcVRTaMK4FvaT57NpvOS8GqCfHi2-uO4zLFTwBVASxBShW2V4yI-QmSxYsOiU3efvc7H6z4F3M","openid":"oJ93R07DIB5MLhMamBbdc6QErU8A","scope":"snsapi_base"}
[2018-04-05T17:24:22.486] [INFO] wechatOffical - 数据查询用户是否存在：null
[2018-04-05T17:24:22.621] [INFO] wechatOffical - Token文件获取access_token：{"access_token":"8_HpJW-NmzzsTDZbSG5rOhmpRXnmSG0TyRhZse8ZYC8zip6b86IBsajDQVtHAlM0NDOMU7Az9s7cLmJbA9CxiYeTMHY5MhOr8r4SSKZ9YlMGI","expires_in":7200,"refresh_token":"8_dd5GdBEsJlD6_HQ1yhhk4cC0Y7KlbuZZZ6cPvRTDJ9tz7_rn3thXp3x643pzjw6QOK29--cZi3gcycUgbAJ4Mf4b87AsyIAXZeMnERyGn80","openid":"oJ93R07DIB5MLhMamBbdc6QErU8A","scope":"snsapi_base"}
[2018-04-05T17:24:22.623] [INFO] wechatOffical - Token处理后获取access_token：{"access_token":"8_HpJW-NmzzsTDZbSG5rOhmpRXnmSG0TyRhZse8ZYC8zip6b86IBsajDQVtHAlM0NDOMU7Az9s7cLmJbA9CxiYeTMHY5MhOr8r4SSKZ9YlMGI","expires_in":1522927442623,"refresh_token":"8_dd5GdBEsJlD6_HQ1yhhk4cC0Y7KlbuZZZ6cPvRTDJ9tz7_rn3thXp3x643pzjw6QOK29--cZi3gcycUgbAJ4Mf4b87AsyIAXZeMnERyGn80","openid":"oJ93R07DIB5MLhMamBbdc6QErU8A","scope":"snsapi_base"}
[2018-04-05T17:24:22.626] [INFO] wechatOffical - 根据code获取的access_token数据：{"access_token":"8_HpJW-NmzzsTDZbSG5rOhmpRXnmSG0TyRhZse8ZYC8zip6b86IBsajDQVtHAlM0NDOMU7Az9s7cLmJbA9CxiYeTMHY5MhOr8r4SSKZ9YlMGI","expires_in":1522927442623,"refresh_token":"8_dd5GdBEsJlD6_HQ1yhhk4cC0Y7KlbuZZZ6cPvRTDJ9tz7_rn3thXp3x643pzjw6QOK29--cZi3gcycUgbAJ4Mf4b87AsyIAXZeMnERyGn80","openid":"oJ93R07DIB5MLhMamBbdc6QErU8A","scope":"snsapi_base"}
[2018-04-05T17:24:22.638] [INFO] wechatOffical - 数据查询用户是否存在：null
[2018-04-05T17:26:20.761] [INFO] wechatOffical - class extends Model {}同步完成
[2018-04-05T17:26:20.764] [INFO] wechatOffical - 数据库同步完成
[2018-04-05T17:26:20.949] [INFO] wechatOffical - server run at http://0.0.0.0:1234
[2018-04-05T17:26:29.065] [INFO] wechatOffical - Token文件获取access_token：{"access_token":"8_f7USjOR_qH5Wpkmx--V_6RLyvf4uf5ceuHhf8PAVaRndNinXb31Pn9jpx6tpxplnvAJAKYNi-BqneWfR7lhsWTwTEAlWdNvn0zCc2mOnj9Q","expires_in":7200,"refresh_token":"8_Wi5d-5zOv_w0RnuOMMMwY4q1cVfri4p3gCnh46IphqgvBz9r1LIV57dQCQJ-E4ZFfdhM0jKhUcvpCZjoec6RujEg73Ym0ClbnfKaMsz6y08","openid":"oJ93R07DIB5MLhMamBbdc6QErU8A","scope":"snsapi_base"}
[2018-04-05T17:26:29.065] [INFO] wechatOffical - Token处理后获取access_token：{"access_token":"8_f7USjOR_qH5Wpkmx--V_6RLyvf4uf5ceuHhf8PAVaRndNinXb31Pn9jpx6tpxplnvAJAKYNi-BqneWfR7lhsWTwTEAlWdNvn0zCc2mOnj9Q","expires_in":1522927569065,"refresh_token":"8_Wi5d-5zOv_w0RnuOMMMwY4q1cVfri4p3gCnh46IphqgvBz9r1LIV57dQCQJ-E4ZFfdhM0jKhUcvpCZjoec6RujEg73Ym0ClbnfKaMsz6y08","openid":"oJ93R07DIB5MLhMamBbdc6QErU8A","scope":"snsapi_base"}
[2018-04-05T17:26:29.081] [INFO] wechatOffical - 根据code获取的access_token数据：{"access_token":"8_f7USjOR_qH5Wpkmx--V_6RLyvf4uf5ceuHhf8PAVaRndNinXb31Pn9jpx6tpxplnvAJAKYNi-BqneWfR7lhsWTwTEAlWdNvn0zCc2mOnj9Q","expires_in":1522927569065,"refresh_token":"8_Wi5d-5zOv_w0RnuOMMMwY4q1cVfri4p3gCnh46IphqgvBz9r1LIV57dQCQJ-E4ZFfdhM0jKhUcvpCZjoec6RujEg73Ym0ClbnfKaMsz6y08","openid":"oJ93R07DIB5MLhMamBbdc6QErU8A","scope":"snsapi_base"}
[2018-04-05T17:26:29.096] [INFO] wechatOffical - 数据查询用户是否存在：null
[2018-04-05T17:26:29.268] [INFO] wechatOffical - Token文件获取access_token：{"access_token":"8_SRV8GKI5Nt1aC0rLvbL3b9ntzh0ImnZff2z5UBW-bmPOwOwg4WdRGwp2ynfPgqRnuPRzAGKC1HEs9Wh06UKK7T3svFaA1AdcUuRqBF9EU-w","expires_in":7200,"refresh_token":"8_i0TbZh0ssdVvfOhQbCf7CDDBgM-P-48Z4e6vTYVA2Jfh35PGT0Lln3p086Q1UP05cBhjD3Ik58_g_vMShlDE1-myD5S5N_qTFfYqzF8i24g","openid":"oJ93R07DIB5MLhMamBbdc6QErU8A","scope":"snsapi_base"}
[2018-04-05T17:26:29.284] [INFO] wechatOffical - Token处理后获取access_token：{"access_token":"8_SRV8GKI5Nt1aC0rLvbL3b9ntzh0ImnZff2z5UBW-bmPOwOwg4WdRGwp2ynfPgqRnuPRzAGKC1HEs9Wh06UKK7T3svFaA1AdcUuRqBF9EU-w","expires_in":1522927569284,"refresh_token":"8_i0TbZh0ssdVvfOhQbCf7CDDBgM-P-48Z4e6vTYVA2Jfh35PGT0Lln3p086Q1UP05cBhjD3Ik58_g_vMShlDE1-myD5S5N_qTFfYqzF8i24g","openid":"oJ93R07DIB5MLhMamBbdc6QErU8A","scope":"snsapi_base"}
[2018-04-05T17:26:29.284] [INFO] wechatOffical - 根据code获取的access_token数据：{"access_token":"8_SRV8GKI5Nt1aC0rLvbL3b9ntzh0ImnZff2z5UBW-bmPOwOwg4WdRGwp2ynfPgqRnuPRzAGKC1HEs9Wh06UKK7T3svFaA1AdcUuRqBF9EU-w","expires_in":1522927569284,"refresh_token":"8_i0TbZh0ssdVvfOhQbCf7CDDBgM-P-48Z4e6vTYVA2Jfh35PGT0Lln3p086Q1UP05cBhjD3Ik58_g_vMShlDE1-myD5S5N_qTFfYqzF8i24g","openid":"oJ93R07DIB5MLhMamBbdc6QErU8A","scope":"snsapi_base"}
[2018-04-05T17:26:29.284] [INFO] wechatOffical - 数据查询用户是否存在：null
[2018-04-05T17:26:59.894] [INFO] wechatOffical - class extends Model {}同步完成
[2018-04-05T17:26:59.897] [INFO] wechatOffical - 数据库同步完成
[2018-04-05T17:27:00.084] [INFO] wechatOffical - server run at http://0.0.0.0:1234
[2018-04-05T17:27:05.922] [INFO] wechatOffical - Token文件获取access_token：{"access_token":"8_hFDiIUzShgNBEOcBaq9AMFjk_JstFVGXp0c198DdbtFnBtByH7ZZv8TcdVYsLuz1v29InqpsyxsmRmd7D6EQdxVBdXY_bS0z8p244t07mRs","expires_in":7200,"refresh_token":"8_8ULbYsOVHBIafNcFXq4U6wmbz8LThDSE7v613Np99E1sGwEU0-FqYgBwr4WDqup8Wu9TnzZvc6eStxgYu3ac9jSuFlsDeiEcqr-LS7462is","openid":"oJ93R07DIB5MLhMamBbdc6QErU8A","scope":"snsapi_base"}
[2018-04-05T17:27:05.924] [INFO] wechatOffical - Token处理后获取access_token：{"access_token":"8_hFDiIUzShgNBEOcBaq9AMFjk_JstFVGXp0c198DdbtFnBtByH7ZZv8TcdVYsLuz1v29InqpsyxsmRmd7D6EQdxVBdXY_bS0z8p244t07mRs","expires_in":1522927605924,"refresh_token":"8_8ULbYsOVHBIafNcFXq4U6wmbz8LThDSE7v613Np99E1sGwEU0-FqYgBwr4WDqup8Wu9TnzZvc6eStxgYu3ac9jSuFlsDeiEcqr-LS7462is","openid":"oJ93R07DIB5MLhMamBbdc6QErU8A","scope":"snsapi_base"}
[2018-04-05T17:27:05.927] [INFO] wechatOffical - 根据code获取的access_token数据：{"access_token":"8_hFDiIUzShgNBEOcBaq9AMFjk_JstFVGXp0c198DdbtFnBtByH7ZZv8TcdVYsLuz1v29InqpsyxsmRmd7D6EQdxVBdXY_bS0z8p244t07mRs","expires_in":1522927605924,"refresh_token":"8_8ULbYsOVHBIafNcFXq4U6wmbz8LThDSE7v613Np99E1sGwEU0-FqYgBwr4WDqup8Wu9TnzZvc6eStxgYu3ac9jSuFlsDeiEcqr-LS7462is","openid":"oJ93R07DIB5MLhMamBbdc6QErU8A","scope":"snsapi_base"}
[2018-04-05T17:27:05.954] [INFO] wechatOffical - 数据查询用户是否存在：null
[2018-04-05T17:27:06.204] [INFO] wechatOffical - Token文件获取access_token：{"access_token":"8_P3lOItvJQUdbJYekTjywzsndECDfII_njbNB6zwqNCwFoldjzL2GnNs3Ke4MrgTlAUv9Ejz7yZiF-afok2DYdsoQ1n9ErIj66K7tmRo_wRc","expires_in":7200,"refresh_token":"8_0KAVNaeHhl0PEjyiq2SUW_cNt6U15qmGhOZMEbRG8s-olThN91MzF_BuTkGixvNmjV_mMeUvarY_wUMNJcJySR50rDWhUa37JRI2EHx6nvY","openid":"oJ93R07DIB5MLhMamBbdc6QErU8A","scope":"snsapi_base"}
[2018-04-05T17:27:06.207] [INFO] wechatOffical - Token处理后获取access_token：{"access_token":"8_P3lOItvJQUdbJYekTjywzsndECDfII_njbNB6zwqNCwFoldjzL2GnNs3Ke4MrgTlAUv9Ejz7yZiF-afok2DYdsoQ1n9ErIj66K7tmRo_wRc","expires_in":1522927606207,"refresh_token":"8_0KAVNaeHhl0PEjyiq2SUW_cNt6U15qmGhOZMEbRG8s-olThN91MzF_BuTkGixvNmjV_mMeUvarY_wUMNJcJySR50rDWhUa37JRI2EHx6nvY","openid":"oJ93R07DIB5MLhMamBbdc6QErU8A","scope":"snsapi_base"}
[2018-04-05T17:27:06.212] [INFO] wechatOffical - 根据code获取的access_token数据：{"access_token":"8_P3lOItvJQUdbJYekTjywzsndECDfII_njbNB6zwqNCwFoldjzL2GnNs3Ke4MrgTlAUv9Ejz7yZiF-afok2DYdsoQ1n9ErIj66K7tmRo_wRc","expires_in":1522927606207,"refresh_token":"8_0KAVNaeHhl0PEjyiq2SUW_cNt6U15qmGhOZMEbRG8s-olThN91MzF_BuTkGixvNmjV_mMeUvarY_wUMNJcJySR50rDWhUa37JRI2EHx6nvY","openid":"oJ93R07DIB5MLhMamBbdc6QErU8A","scope":"snsapi_base"}
[2018-04-05T17:27:06.229] [INFO] wechatOffical - 数据查询用户是否存在：null
[2018-04-05T17:28:55.713] [INFO] wechatOffical - class extends Model {}同步完成
[2018-04-05T17:28:55.716] [INFO] wechatOffical - 数据库同步完成
[2018-04-05T17:28:55.898] [INFO] wechatOffical - server run at http://0.0.0.0:1234
[2018-04-05T17:29:05.093] [INFO] wechatOffical - Token文件获取access_token：{"access_token":"8_g_IXq0Vip1WGnzEGvVKxRAkIqq_feJ9go65EChVBXUvyrqGRIuZ6YAr1YGrZG1ltKh11upuEIgnG4rckoz0FEwEUagyhGAveMsWqE-v8H6k","expires_in":7200,"refresh_token":"8_AVq36-CHWamkpft0EQWEMLEhVgtb6ALWTRwOSZk6YrqGojEWg2Mj-rfh5HoLSYZUDfq_1oudGHKEr5-eTQzXYUbDhBH25RmUuw1d1UPIU-4","openid":"oJ93R07DIB5MLhMamBbdc6QErU8A","scope":"snsapi_base"}
[2018-04-05T17:29:05.095] [INFO] wechatOffical - Token处理后获取access_token：{"access_token":"8_g_IXq0Vip1WGnzEGvVKxRAkIqq_feJ9go65EChVBXUvyrqGRIuZ6YAr1YGrZG1ltKh11upuEIgnG4rckoz0FEwEUagyhGAveMsWqE-v8H6k","expires_in":1522927725095,"refresh_token":"8_AVq36-CHWamkpft0EQWEMLEhVgtb6ALWTRwOSZk6YrqGojEWg2Mj-rfh5HoLSYZUDfq_1oudGHKEr5-eTQzXYUbDhBH25RmUuw1d1UPIU-4","openid":"oJ93R07DIB5MLhMamBbdc6QErU8A","scope":"snsapi_base"}
[2018-04-05T17:29:05.100] [INFO] wechatOffical - 根据code获取的access_token数据：{"access_token":"8_g_IXq0Vip1WGnzEGvVKxRAkIqq_feJ9go65EChVBXUvyrqGRIuZ6YAr1YGrZG1ltKh11upuEIgnG4rckoz0FEwEUagyhGAveMsWqE-v8H6k","expires_in":1522927725095,"refresh_token":"8_AVq36-CHWamkpft0EQWEMLEhVgtb6ALWTRwOSZk6YrqGojEWg2Mj-rfh5HoLSYZUDfq_1oudGHKEr5-eTQzXYUbDhBH25RmUuw1d1UPIU-4","openid":"oJ93R07DIB5MLhMamBbdc6QErU8A","scope":"snsapi_base"}
[2018-04-05T17:29:05.150] [INFO] wechatOffical - 数据查询用户是否存在：null
[2018-04-05T17:29:05.335] [INFO] wechatOffical - Token文件获取access_token：{"access_token":"8_y7B2XajTVelM-3smfs_A9iZcO6CXiaqNcIPnbVPGchdKJ4O2R7TJxpb_9-rQZ82FjMF0nWkMSgrhj_jSRqJatZZK5wZhe-tp73Xtu-4jk-E","expires_in":7200,"refresh_token":"8_B5AgjoZyhfEJR9zbLHsBpTLH0mwrPeWI6V9FvP4e8rZObWTsXZuZVADtyxMRE-DEir_QLcdwZ5t50Uzi4uaimpzk98LPCAXiG-Vs0Kr2yFM","openid":"oJ93R07DIB5MLhMamBbdc6QErU8A","scope":"snsapi_base"}
[2018-04-05T17:29:05.338] [INFO] wechatOffical - Token处理后获取access_token：{"access_token":"8_y7B2XajTVelM-3smfs_A9iZcO6CXiaqNcIPnbVPGchdKJ4O2R7TJxpb_9-rQZ82FjMF0nWkMSgrhj_jSRqJatZZK5wZhe-tp73Xtu-4jk-E","expires_in":1522927725338,"refresh_token":"8_B5AgjoZyhfEJR9zbLHsBpTLH0mwrPeWI6V9FvP4e8rZObWTsXZuZVADtyxMRE-DEir_QLcdwZ5t50Uzi4uaimpzk98LPCAXiG-Vs0Kr2yFM","openid":"oJ93R07DIB5MLhMamBbdc6QErU8A","scope":"snsapi_base"}
[2018-04-05T17:29:05.340] [INFO] wechatOffical - 根据code获取的access_token数据：{"access_token":"8_y7B2XajTVelM-3smfs_A9iZcO6CXiaqNcIPnbVPGchdKJ4O2R7TJxpb_9-rQZ82FjMF0nWkMSgrhj_jSRqJatZZK5wZhe-tp73Xtu-4jk-E","expires_in":1522927725338,"refresh_token":"8_B5AgjoZyhfEJR9zbLHsBpTLH0mwrPeWI6V9FvP4e8rZObWTsXZuZVADtyxMRE-DEir_QLcdwZ5t50Uzi4uaimpzk98LPCAXiG-Vs0Kr2yFM","openid":"oJ93R07DIB5MLhMamBbdc6QErU8A","scope":"snsapi_base"}
[2018-04-05T17:29:05.345] [INFO] wechatOffical - 数据查询用户是否存在：null
[2018-04-05T17:30:59.957] [INFO] wechatOffical - Token文件获取access_token：{"access_token":"8__JzZLy39_hD467Pe_OqcUvdzS1skMo_xbFMHoNWgrSMmLk-3wyA9DUkSTNTGfk8t4guwhkz_Sjz_4JQVHDTTAziCcz1h1FTyM9XUTDBkl0o","expires_in":7200,"refresh_token":"8_LEIYq3JeYXD39pZu8au7vse0EfaFIVLnkOXJisRuAMf_aM33WK6QwC4v3NPI1wrGqIz8nqgqvHINRYlDgfQnFUe8W3fooIDeq840JrnpSJ4","openid":"oJ93R07DIB5MLhMamBbdc6QErU8A","scope":"snsapi_base"}
[2018-04-05T17:30:59.959] [INFO] wechatOffical - Token处理后获取access_token：{"access_token":"8__JzZLy39_hD467Pe_OqcUvdzS1skMo_xbFMHoNWgrSMmLk-3wyA9DUkSTNTGfk8t4guwhkz_Sjz_4JQVHDTTAziCcz1h1FTyM9XUTDBkl0o","expires_in":1522927839959,"refresh_token":"8_LEIYq3JeYXD39pZu8au7vse0EfaFIVLnkOXJisRuAMf_aM33WK6QwC4v3NPI1wrGqIz8nqgqvHINRYlDgfQnFUe8W3fooIDeq840JrnpSJ4","openid":"oJ93R07DIB5MLhMamBbdc6QErU8A","scope":"snsapi_base"}
[2018-04-05T17:30:59.962] [INFO] wechatOffical - 根据code获取的access_token数据：{"access_token":"8__JzZLy39_hD467Pe_OqcUvdzS1skMo_xbFMHoNWgrSMmLk-3wyA9DUkSTNTGfk8t4guwhkz_Sjz_4JQVHDTTAziCcz1h1FTyM9XUTDBkl0o","expires_in":1522927839959,"refresh_token":"8_LEIYq3JeYXD39pZu8au7vse0EfaFIVLnkOXJisRuAMf_aM33WK6QwC4v3NPI1wrGqIz8nqgqvHINRYlDgfQnFUe8W3fooIDeq840JrnpSJ4","openid":"oJ93R07DIB5MLhMamBbdc6QErU8A","scope":"snsapi_base"}
[2018-04-05T17:30:59.987] [INFO] wechatOffical - 数据查询用户是否存在：null
[2018-04-05T17:31:00.167] [INFO] wechatOffical - Token文件获取access_token：{"access_token":"8_lY35PR5rPmkmDjP7Y3ma5yKAzUyIRa1Zho9o8SVsYP9nNX_M3TV9vJ2OP19k_Zbmz55-7zlremwP3amNNvtAZm_UijBAbeoTZu3TeYftTd8","expires_in":7200,"refresh_token":"8_HZ_4iZBI8KVusD7zij58VENcbuGfJADekZ9i-tnO-150C0vH4s8P7AMTs-qKLA0xe1kBb3S7Yqgh_JQbHjsSlhVzZKQcUWa9eVK_E53G7Kc","openid":"oJ93R07DIB5MLhMamBbdc6QErU8A","scope":"snsapi_base"}
[2018-04-05T17:31:00.169] [INFO] wechatOffical - Token处理后获取access_token：{"access_token":"8_lY35PR5rPmkmDjP7Y3ma5yKAzUyIRa1Zho9o8SVsYP9nNX_M3TV9vJ2OP19k_Zbmz55-7zlremwP3amNNvtAZm_UijBAbeoTZu3TeYftTd8","expires_in":1522927840169,"refresh_token":"8_HZ_4iZBI8KVusD7zij58VENcbuGfJADekZ9i-tnO-150C0vH4s8P7AMTs-qKLA0xe1kBb3S7Yqgh_JQbHjsSlhVzZKQcUWa9eVK_E53G7Kc","openid":"oJ93R07DIB5MLhMamBbdc6QErU8A","scope":"snsapi_base"}
[2018-04-05T17:31:00.172] [INFO] wechatOffical - 根据code获取的access_token数据：{"access_token":"8_lY35PR5rPmkmDjP7Y3ma5yKAzUyIRa1Zho9o8SVsYP9nNX_M3TV9vJ2OP19k_Zbmz55-7zlremwP3amNNvtAZm_UijBAbeoTZu3TeYftTd8","expires_in":1522927840169,"refresh_token":"8_HZ_4iZBI8KVusD7zij58VENcbuGfJADekZ9i-tnO-150C0vH4s8P7AMTs-qKLA0xe1kBb3S7Yqgh_JQbHjsSlhVzZKQcUWa9eVK_E53G7Kc","openid":"oJ93R07DIB5MLhMamBbdc6QErU8A","scope":"snsapi_base"}
[2018-04-05T17:31:00.182] [INFO] wechatOffical - 数据查询用户是否存在：null
[2018-04-05T17:44:09.534] [ERROR] wechatOffical - 签名校验出错，hashcode:399b8ed98e6194fe49835c161af5baa05e6b1dc0,signature:undefined
[2018-04-05T18:04:37.818] [INFO] wechatOffical - class extends Model {}同步完成
[2018-04-05T18:04:37.823] [INFO] wechatOffical - 数据库同步完成
[2018-04-05T18:04:38.016] [INFO] wechatOffical - server run at http://0.0.0.0:1234
[2018-04-05T18:06:09.572] [INFO] wechatOffical - class extends Model {}同步完成
[2018-04-05T18:06:09.574] [INFO] wechatOffical - 数据库同步完成
[2018-04-05T18:06:09.767] [INFO] wechatOffical - server run at http://0.0.0.0:1234
[2018-04-05T18:06:47.028] [INFO] wechatOffical - Token文件获取access_token：{"access_token":"8_FNOLJW9acCTFrZgtUt3Da9P8HNFIlGerOVYy_Xq8B65shg3tc2KNSYaXqSVtZEeYk2H7BEg1X5qqMXFsstIfwIfHcC8dz22oU6E-KAbVBrg","expires_in":7200,"refresh_token":"8_VNZKZKvM3VMac6SfRlOE_Hda_ibcfbCUQ-kDRocm7YhEx5bKe6VY8YamXAOCovkbfQn5413Zbb0-XCOOA955oJqXohKWn6f6bEJYXsTHw30","openid":"oJ93R07DIB5MLhMamBbdc6QErU8A","scope":"snsapi_base"}
[2018-04-05T18:06:47.033] [INFO] wechatOffical - Token处理后获取access_token：{"access_token":"8_FNOLJW9acCTFrZgtUt3Da9P8HNFIlGerOVYy_Xq8B65shg3tc2KNSYaXqSVtZEeYk2H7BEg1X5qqMXFsstIfwIfHcC8dz22oU6E-KAbVBrg","expires_in":1522929987030,"refresh_token":"8_VNZKZKvM3VMac6SfRlOE_Hda_ibcfbCUQ-kDRocm7YhEx5bKe6VY8YamXAOCovkbfQn5413Zbb0-XCOOA955oJqXohKWn6f6bEJYXsTHw30","openid":"oJ93R07DIB5MLhMamBbdc6QErU8A","scope":"snsapi_base"}
[2018-04-05T18:06:47.035] [INFO] wechatOffical - 根据code获取的access_token数据：{"access_token":"8_FNOLJW9acCTFrZgtUt3Da9P8HNFIlGerOVYy_Xq8B65shg3tc2KNSYaXqSVtZEeYk2H7BEg1X5qqMXFsstIfwIfHcC8dz22oU6E-KAbVBrg","expires_in":1522929987030,"refresh_token":"8_VNZKZKvM3VMac6SfRlOE_Hda_ibcfbCUQ-kDRocm7YhEx5bKe6VY8YamXAOCovkbfQn5413Zbb0-XCOOA955oJqXohKWn6f6bEJYXsTHw30","openid":"oJ93R07DIB5MLhMamBbdc6QErU8A","scope":"snsapi_base"}
[2018-04-05T18:06:47.113] [INFO] wechatOffical - 数据查询用户是否存在：null
[2018-04-05T18:06:47.220] [INFO] wechatOffical - Token文件获取access_token：{"access_token":"8_SRV8GKI5Nt1aC0rLvbL3b1vx9hF0-kl_Pd6jueybpcxpLtMGGDSYWeJ2WgtEbAXDnhyEBG-hlIyDJ-rUWlS2v1DGtxWs8MltPfDf0bH_lIA","expires_in":7200,"refresh_token":"8_d5tQ59-2iVa3y6_DBOB6VJNoYJITNrxCT32TxVStcwgW_-S_Wla-a4sdPDGQYVae0sFUq4BDIVabeH70HjrydfNh0y1weM0OQB5Mjh_PSes","openid":"oJ93R07DIB5MLhMamBbdc6QErU8A","scope":"snsapi_base"}
[2018-04-05T18:06:47.220] [INFO] wechatOffical - Token处理后获取access_token：{"access_token":"8_SRV8GKI5Nt1aC0rLvbL3b1vx9hF0-kl_Pd6jueybpcxpLtMGGDSYWeJ2WgtEbAXDnhyEBG-hlIyDJ-rUWlS2v1DGtxWs8MltPfDf0bH_lIA","expires_in":1522929987220,"refresh_token":"8_d5tQ59-2iVa3y6_DBOB6VJNoYJITNrxCT32TxVStcwgW_-S_Wla-a4sdPDGQYVae0sFUq4BDIVabeH70HjrydfNh0y1weM0OQB5Mjh_PSes","openid":"oJ93R07DIB5MLhMamBbdc6QErU8A","scope":"snsapi_base"}
[2018-04-05T18:06:47.223] [INFO] wechatOffical - 根据code获取的access_token数据：{"access_token":"8_SRV8GKI5Nt1aC0rLvbL3b1vx9hF0-kl_Pd6jueybpcxpLtMGGDSYWeJ2WgtEbAXDnhyEBG-hlIyDJ-rUWlS2v1DGtxWs8MltPfDf0bH_lIA","expires_in":1522929987220,"refresh_token":"8_d5tQ59-2iVa3y6_DBOB6VJNoYJITNrxCT32TxVStcwgW_-S_Wla-a4sdPDGQYVae0sFUq4BDIVabeH70HjrydfNh0y1weM0OQB5Mjh_PSes","openid":"oJ93R07DIB5MLhMamBbdc6QErU8A","scope":"snsapi_base"}
[2018-04-05T18:06:47.228] [INFO] wechatOffical - 数据查询用户是否存在：null
[2018-04-05T18:08:49.961] [INFO] wechatOffical - class extends Model {}同步完成
[2018-04-05T18:08:49.964] [INFO] wechatOffical - 数据库同步完成
[2018-04-05T18:08:50.166] [INFO] wechatOffical - server run at http://0.0.0.0:1234
[2018-04-05T18:09:02.994] [INFO] wechatOffical - Token文件获取access_token：{"access_token":"8_tC8HnLtCuuVKoW4ZFhy__uvPJMw2RzIWsf3ycPg8kXRLoRTqClzWugISVwjyQfks7rwkth4_c-dIPG0X-V70ZT3wvIFTKpExHHTNrAblnBg","expires_in":7200,"refresh_token":"8_G84ZhaMbidOhRqtfLyzZ3f6rW-ikgH9fXryd4XlnSWQrJNQUnhbJwi5dvXv0ss44BmmnLg-wtr2V98e-WTu2ZOiIDzmnRum_ArnYvgQ7BFs","openid":"oJ93R07DIB5MLhMamBbdc6QErU8A","scope":"snsapi_base"}
[2018-04-05T18:09:02.999] [INFO] wechatOffical - Token处理后获取access_token：{"access_token":"8_tC8HnLtCuuVKoW4ZFhy__uvPJMw2RzIWsf3ycPg8kXRLoRTqClzWugISVwjyQfks7rwkth4_c-dIPG0X-V70ZT3wvIFTKpExHHTNrAblnBg","expires_in":1522930122999,"refresh_token":"8_G84ZhaMbidOhRqtfLyzZ3f6rW-ikgH9fXryd4XlnSWQrJNQUnhbJwi5dvXv0ss44BmmnLg-wtr2V98e-WTu2ZOiIDzmnRum_ArnYvgQ7BFs","openid":"oJ93R07DIB5MLhMamBbdc6QErU8A","scope":"snsapi_base"}
[2018-04-05T18:09:03.001] [INFO] wechatOffical - 根据code获取的access_token数据：{"access_token":"8_tC8HnLtCuuVKoW4ZFhy__uvPJMw2RzIWsf3ycPg8kXRLoRTqClzWugISVwjyQfks7rwkth4_c-dIPG0X-V70ZT3wvIFTKpExHHTNrAblnBg","expires_in":1522930122999,"refresh_token":"8_G84ZhaMbidOhRqtfLyzZ3f6rW-ikgH9fXryd4XlnSWQrJNQUnhbJwi5dvXv0ss44BmmnLg-wtr2V98e-WTu2ZOiIDzmnRum_ArnYvgQ7BFs","openid":"oJ93R07DIB5MLhMamBbdc6QErU8A","scope":"snsapi_base"}
[2018-04-05T18:09:03.051] [INFO] wechatOffical - 数据查询用户是否存在：null
[2018-04-05T18:09:03.976] [INFO] wechatOffical - Token文件获取access_token：{"access_token":"8_qxhJ5NG0Ut89zc9JOtE3oA0T1Hv4PkTp04vtkRK0Dj1TIftlsPVLgtZzdSpnuBlS-lyUuk9fIujh1uNqJDsbspMYY4T6OvkAAuLwnej0Q1Y","expires_in":7200,"refresh_token":"8_9efjpkvsDQ1O8VIK5THT1ojmYidiie9nP8kwCdyOo0vW2T0F2k6xrsvU3THPokEDXGXJ8DTf1ziWBqOo_P1O4oqaUcvxIh7j3VSnbTbrQsk","openid":"oJ93R07DIB5MLhMamBbdc6QErU8A","scope":"snsapi_base"}
[2018-04-05T18:09:03.976] [INFO] wechatOffical - Token处理后获取access_token：{"access_token":"8_qxhJ5NG0Ut89zc9JOtE3oA0T1Hv4PkTp04vtkRK0Dj1TIftlsPVLgtZzdSpnuBlS-lyUuk9fIujh1uNqJDsbspMYY4T6OvkAAuLwnej0Q1Y","expires_in":1522930123976,"refresh_token":"8_9efjpkvsDQ1O8VIK5THT1ojmYidiie9nP8kwCdyOo0vW2T0F2k6xrsvU3THPokEDXGXJ8DTf1ziWBqOo_P1O4oqaUcvxIh7j3VSnbTbrQsk","openid":"oJ93R07DIB5MLhMamBbdc6QErU8A","scope":"snsapi_base"}
[2018-04-05T18:09:03.979] [INFO] wechatOffical - 根据code获取的access_token数据：{"access_token":"8_qxhJ5NG0Ut89zc9JOtE3oA0T1Hv4PkTp04vtkRK0Dj1TIftlsPVLgtZzdSpnuBlS-lyUuk9fIujh1uNqJDsbspMYY4T6OvkAAuLwnej0Q1Y","expires_in":1522930123976,"refresh_token":"8_9efjpkvsDQ1O8VIK5THT1ojmYidiie9nP8kwCdyOo0vW2T0F2k6xrsvU3THPokEDXGXJ8DTf1ziWBqOo_P1O4oqaUcvxIh7j3VSnbTbrQsk","openid":"oJ93R07DIB5MLhMamBbdc6QErU8A","scope":"snsapi_base"}
[2018-04-05T18:09:03.984] [INFO] wechatOffical - 数据查询用户是否存在：null
[2018-04-05T18:14:30.446] [INFO] wechatOffical - class extends Model {}同步完成
[2018-04-05T18:14:30.449] [INFO] wechatOffical - 数据库同步完成
[2018-04-05T18:14:30.631] [INFO] wechatOffical - server run at http://0.0.0.0:1234
[2018-04-05T18:15:36.048] [INFO] wechatOffical - class extends Model {}同步完成
[2018-04-05T18:15:36.051] [INFO] wechatOffical - 数据库同步完成
[2018-04-05T18:15:36.231] [INFO] wechatOffical - server run at http://0.0.0.0:1234
[2018-04-05T18:15:49.995] [INFO] wechatOffical - Token文件获取access_token：{"access_token":"8_RYazoAFiyllef37Ax0Q5S01vl68EGNPdg3G0tWpMIHGMvBs98SaCioYCNBnCDg1hFjuroPZ5sbN_xE-6_m-pKkk8Pi1qzgI6eZZPmzmFbZs","expires_in":7200,"refresh_token":"8_HOEkI9Mua9FHByxAr62_Xm_WnlsCNDVAIVCME__Jv2aHbZIIe7Yko_-JaRzXUvhde58Oini1tz-NsBo-3qG0WJqRHHxHZfGI8St0WwkfEr8","openid":"oJ93R07DIB5MLhMamBbdc6QErU8A","scope":"snsapi_base"}
[2018-04-05T18:15:49.997] [INFO] wechatOffical - Token处理后获取access_token：{"access_token":"8_RYazoAFiyllef37Ax0Q5S01vl68EGNPdg3G0tWpMIHGMvBs98SaCioYCNBnCDg1hFjuroPZ5sbN_xE-6_m-pKkk8Pi1qzgI6eZZPmzmFbZs","expires_in":1522930529997,"refresh_token":"8_HOEkI9Mua9FHByxAr62_Xm_WnlsCNDVAIVCME__Jv2aHbZIIe7Yko_-JaRzXUvhde58Oini1tz-NsBo-3qG0WJqRHHxHZfGI8St0WwkfEr8","openid":"oJ93R07DIB5MLhMamBbdc6QErU8A","scope":"snsapi_base"}
[2018-04-05T18:15:50.000] [INFO] wechatOffical - 根据code获取的access_token数据：{"access_token":"8_RYazoAFiyllef37Ax0Q5S01vl68EGNPdg3G0tWpMIHGMvBs98SaCioYCNBnCDg1hFjuroPZ5sbN_xE-6_m-pKkk8Pi1qzgI6eZZPmzmFbZs","expires_in":1522930529997,"refresh_token":"8_HOEkI9Mua9FHByxAr62_Xm_WnlsCNDVAIVCME__Jv2aHbZIIe7Yko_-JaRzXUvhde58Oini1tz-NsBo-3qG0WJqRHHxHZfGI8St0WwkfEr8","openid":"oJ93R07DIB5MLhMamBbdc6QErU8A","scope":"snsapi_base"}
[2018-04-05T18:15:50.070] [INFO] wechatOffical - 数据查询用户是否存在：null
[2018-04-05T18:15:50.197] [INFO] wechatOffical - Token文件获取access_token：{"access_token":"8_mwS_cJqD5La8uaIFjUUCllz1qtMGpIK39yiLAPr1eJQgEqfU7JoMxSVaLeFJTnAF6urQLwu3Mobx-LGUYG9_fq2hNLIHJKqI0A4hKAPdkSA","expires_in":7200,"refresh_token":"8_3cH5LhDR7_YNDPrDFh6lrJ0k6-0Udu5_5mgCSEIBR-1CUnGF0H9piDz0JZV37XZ64GevioBcADRmrPY2eyqk5u2FdfX506vO1GYZgJI977g","openid":"oJ93R07DIB5MLhMamBbdc6QErU8A","scope":"snsapi_base"}
[2018-04-05T18:15:50.200] [INFO] wechatOffical - Token处理后获取access_token：{"access_token":"8_mwS_cJqD5La8uaIFjUUCllz1qtMGpIK39yiLAPr1eJQgEqfU7JoMxSVaLeFJTnAF6urQLwu3Mobx-LGUYG9_fq2hNLIHJKqI0A4hKAPdkSA","expires_in":1522930530200,"refresh_token":"8_3cH5LhDR7_YNDPrDFh6lrJ0k6-0Udu5_5mgCSEIBR-1CUnGF0H9piDz0JZV37XZ64GevioBcADRmrPY2eyqk5u2FdfX506vO1GYZgJI977g","openid":"oJ93R07DIB5MLhMamBbdc6QErU8A","scope":"snsapi_base"}
[2018-04-05T18:15:50.202] [INFO] wechatOffical - 根据code获取的access_token数据：{"access_token":"8_mwS_cJqD5La8uaIFjUUCllz1qtMGpIK39yiLAPr1eJQgEqfU7JoMxSVaLeFJTnAF6urQLwu3Mobx-LGUYG9_fq2hNLIHJKqI0A4hKAPdkSA","expires_in":1522930530200,"refresh_token":"8_3cH5LhDR7_YNDPrDFh6lrJ0k6-0Udu5_5mgCSEIBR-1CUnGF0H9piDz0JZV37XZ64GevioBcADRmrPY2eyqk5u2FdfX506vO1GYZgJI977g","openid":"oJ93R07DIB5MLhMamBbdc6QErU8A","scope":"snsapi_base"}
[2018-04-05T18:15:50.222] [INFO] wechatOffical - 数据查询用户是否存在：null
[2018-04-05T18:16:37.534] [INFO] wechatOffical - Token文件获取access_token：{"access_token":"8_lY35PR5rPmkmDjP7Y3ma54hh_jDLHbMDCIHhK8fr7met0Q2dKLGQ7hTJVKetD0I9kX7jjfpceeAsB_7qnI3G60-DDNooZcb66w93P6StOYY","expires_in":7200,"refresh_token":"8_RYazoAFiyllef37Ax0Q5S2VSvRpt8J0qC20gz34xxfWiQsUTlpl4ucIRSFvs2HdLLcr3KP7cQZ8R-Uv1BQVHrp041dPQa_D7EEUccP6Iyu0","openid":"oJ93R07DIB5MLhMamBbdc6QErU8A","scope":"snsapi_base"}
[2018-04-05T18:16:37.537] [INFO] wechatOffical - Token处理后获取access_token：{"access_token":"8_lY35PR5rPmkmDjP7Y3ma54hh_jDLHbMDCIHhK8fr7met0Q2dKLGQ7hTJVKetD0I9kX7jjfpceeAsB_7qnI3G60-DDNooZcb66w93P6StOYY","expires_in":1522930577537,"refresh_token":"8_RYazoAFiyllef37Ax0Q5S2VSvRpt8J0qC20gz34xxfWiQsUTlpl4ucIRSFvs2HdLLcr3KP7cQZ8R-Uv1BQVHrp041dPQa_D7EEUccP6Iyu0","openid":"oJ93R07DIB5MLhMamBbdc6QErU8A","scope":"snsapi_base"}
[2018-04-05T18:16:37.539] [INFO] wechatOffical - 根据code获取的access_token数据：{"access_token":"8_lY35PR5rPmkmDjP7Y3ma54hh_jDLHbMDCIHhK8fr7met0Q2dKLGQ7hTJVKetD0I9kX7jjfpceeAsB_7qnI3G60-DDNooZcb66w93P6StOYY","expires_in":1522930577537,"refresh_token":"8_RYazoAFiyllef37Ax0Q5S2VSvRpt8J0qC20gz34xxfWiQsUTlpl4ucIRSFvs2HdLLcr3KP7cQZ8R-Uv1BQVHrp041dPQa_D7EEUccP6Iyu0","openid":"oJ93R07DIB5MLhMamBbdc6QErU8A","scope":"snsapi_base"}
[2018-04-05T18:16:37.567] [INFO] wechatOffical - 数据查询用户是否存在：null
[2018-04-05T18:16:37.789] [INFO] wechatOffical - Token文件获取access_token：{"access_token":"8_RwpL4bW_2z8DAknSI56l4ye8jHAfyZfYycFN_TRzOQqBtf7seEgylFcCszxItUFQ7jQwstxpZWW9hg9fGXjDVsV-k1PSkFpEjfZ6lpNN0tg","expires_in":7200,"refresh_token":"8__JzZLy39_hD467Pe_OqcUpHovCHRlYpJaytiEn9xCUNIPGuQLkcv0ZXjRfhURNS0XCZvxufVotTj2FfncDvhs-8ZC81DtkEOFep8i8e65sY","openid":"oJ93R07DIB5MLhMamBbdc6QErU8A","scope":"snsapi_base"}
[2018-04-05T18:16:37.792] [INFO] wechatOffical - Token处理后获取access_token：{"access_token":"8_RwpL4bW_2z8DAknSI56l4ye8jHAfyZfYycFN_TRzOQqBtf7seEgylFcCszxItUFQ7jQwstxpZWW9hg9fGXjDVsV-k1PSkFpEjfZ6lpNN0tg","expires_in":1522930577792,"refresh_token":"8__JzZLy39_hD467Pe_OqcUpHovCHRlYpJaytiEn9xCUNIPGuQLkcv0ZXjRfhURNS0XCZvxufVotTj2FfncDvhs-8ZC81DtkEOFep8i8e65sY","openid":"oJ93R07DIB5MLhMamBbdc6QErU8A","scope":"snsapi_base"}
[2018-04-05T18:16:37.794] [INFO] wechatOffical - 根据code获取的access_token数据：{"access_token":"8_RwpL4bW_2z8DAknSI56l4ye8jHAfyZfYycFN_TRzOQqBtf7seEgylFcCszxItUFQ7jQwstxpZWW9hg9fGXjDVsV-k1PSkFpEjfZ6lpNN0tg","expires_in":1522930577792,"refresh_token":"8__JzZLy39_hD467Pe_OqcUpHovCHRlYpJaytiEn9xCUNIPGuQLkcv0ZXjRfhURNS0XCZvxufVotTj2FfncDvhs-8ZC81DtkEOFep8i8e65sY","openid":"oJ93R07DIB5MLhMamBbdc6QErU8A","scope":"snsapi_base"}
[2018-04-05T18:16:37.809] [INFO] wechatOffical - 数据查询用户是否存在：null
[2018-04-05T18:18:11.977] [INFO] wechatOffical - class extends Model {}同步完成
[2018-04-05T18:18:11.982] [INFO] wechatOffical - 数据库同步完成
[2018-04-05T18:18:12.180] [INFO] wechatOffical - server run at http://0.0.0.0:1234
[2018-04-05T18:18:29.636] [INFO] wechatOffical - Token文件获取access_token：{"access_token":"8_LML3FjnM6OEzsk8fYmirVqpltWE8GX8zlDAI9XuPvxf-2RTEVUm0PIND9cuoWhw9GXuLDMSoxXSfj_crtOmlpnRPQuol3GHa0YypNk8hDOA","expires_in":7200,"refresh_token":"8_SzZJUmtzzXSioPYWXPP9IhecmtBHagOfUQbKKaBZ2YUsb6_-b6gBvkGMenJ7ioy7yQSHA_R6c04sk2iXknPFVLqfZj0N36infYHgUE0zVcA","openid":"oJ93R07DIB5MLhMamBbdc6QErU8A","scope":"snsapi_base"}
[2018-04-05T18:18:29.636] [INFO] wechatOffical - Token处理后获取access_token：{"access_token":"8_LML3FjnM6OEzsk8fYmirVqpltWE8GX8zlDAI9XuPvxf-2RTEVUm0PIND9cuoWhw9GXuLDMSoxXSfj_crtOmlpnRPQuol3GHa0YypNk8hDOA","expires_in":1522930689636,"refresh_token":"8_SzZJUmtzzXSioPYWXPP9IhecmtBHagOfUQbKKaBZ2YUsb6_-b6gBvkGMenJ7ioy7yQSHA_R6c04sk2iXknPFVLqfZj0N36infYHgUE0zVcA","openid":"oJ93R07DIB5MLhMamBbdc6QErU8A","scope":"snsapi_base"}
[2018-04-05T18:18:29.639] [INFO] wechatOffical - 根据code获取的access_token数据：{"access_token":"8_LML3FjnM6OEzsk8fYmirVqpltWE8GX8zlDAI9XuPvxf-2RTEVUm0PIND9cuoWhw9GXuLDMSoxXSfj_crtOmlpnRPQuol3GHa0YypNk8hDOA","expires_in":1522930689636,"refresh_token":"8_SzZJUmtzzXSioPYWXPP9IhecmtBHagOfUQbKKaBZ2YUsb6_-b6gBvkGMenJ7ioy7yQSHA_R6c04sk2iXknPFVLqfZj0N36infYHgUE0zVcA","openid":"oJ93R07DIB5MLhMamBbdc6QErU8A","scope":"snsapi_base"}
[2018-04-05T18:18:29.656] [INFO] wechatOffical - 数据查询用户是否存在：null
[2018-04-05T18:18:29.836] [INFO] wechatOffical - Token文件获取access_token：{"access_token":"8_yp2BDwxKKV2dYnpzdDykLvGkc_Fg3s4zHb6g32tykgDim_S-Rq2ERKknxtci238cHjzBpTta-rulr3Ij2Qyli-Alx8QbMU_07YLSXmok8o4","expires_in":7200,"refresh_token":"8_2h1LC1R2ches-JgbpwgS57IU6aYUBlPmfl08x0aPEu0OowJctYufgaxtJ7xmPj9F9WCjtvHU5GkwpAcwO0v_QzZvNboqbyVBvtz4wP2Gs5Y","openid":"oJ93R07DIB5MLhMamBbdc6QErU8A","scope":"snsapi_base"}
[2018-04-05T18:18:29.839] [INFO] wechatOffical - Token处理后获取access_token：{"access_token":"8_yp2BDwxKKV2dYnpzdDykLvGkc_Fg3s4zHb6g32tykgDim_S-Rq2ERKknxtci238cHjzBpTta-rulr3Ij2Qyli-Alx8QbMU_07YLSXmok8o4","expires_in":1522930689839,"refresh_token":"8_2h1LC1R2ches-JgbpwgS57IU6aYUBlPmfl08x0aPEu0OowJctYufgaxtJ7xmPj9F9WCjtvHU5GkwpAcwO0v_QzZvNboqbyVBvtz4wP2Gs5Y","openid":"oJ93R07DIB5MLhMamBbdc6QErU8A","scope":"snsapi_base"}
[2018-04-05T18:18:29.841] [INFO] wechatOffical - 根据code获取的access_token数据：{"access_token":"8_yp2BDwxKKV2dYnpzdDykLvGkc_Fg3s4zHb6g32tykgDim_S-Rq2ERKknxtci238cHjzBpTta-rulr3Ij2Qyli-Alx8QbMU_07YLSXmok8o4","expires_in":1522930689839,"refresh_token":"8_2h1LC1R2ches-JgbpwgS57IU6aYUBlPmfl08x0aPEu0OowJctYufgaxtJ7xmPj9F9WCjtvHU5GkwpAcwO0v_QzZvNboqbyVBvtz4wP2Gs5Y","openid":"oJ93R07DIB5MLhMamBbdc6QErU8A","scope":"snsapi_base"}
[2018-04-05T18:18:29.856] [INFO] wechatOffical - 数据查询用户是否存在：null
[2018-04-05T18:18:33.134] [INFO] wechatOffical - 用户通过公众号请求的数据：{"ToUserName":"gh_8596e5cbfe10","FromUserName":"oJ93R07DIB5MLhMamBbdc6QErU8A","CreateTime":"1522923507","MsgType":"event","Event":"CLICK","EventKey":"bind"}
[2018-04-05T18:18:40.219] [INFO] wechatOffical - Token文件获取access_token：{"access_token":"8_HZ_4iZBI8KVusD7zij58VMEENtAwfdN-VAu2Xv7dpOoUcHBG4tZLrDNynoi3pX0F9fCBkApg2rtYn5Mp0h2hGvUeQWdNShVgOKes07kFJ64","expires_in":7200,"refresh_token":"8_8Sr0LMGrRBmJuJZvipW52xG3EQgxsCk8zqcuMTvLdPKfbH4AQYblatPgUbvTtfR-4FM81TQiJeR9N0w99p_54BvPL3ckPpaL9KaDkirO2hM","openid":"oJ93R07DIB5MLhMamBbdc6QErU8A","scope":"snsapi_base"}
[2018-04-05T18:18:40.219] [INFO] wechatOffical - Token处理后获取access_token：{"access_token":"8_HZ_4iZBI8KVusD7zij58VMEENtAwfdN-VAu2Xv7dpOoUcHBG4tZLrDNynoi3pX0F9fCBkApg2rtYn5Mp0h2hGvUeQWdNShVgOKes07kFJ64","expires_in":1522930700219,"refresh_token":"8_8Sr0LMGrRBmJuJZvipW52xG3EQgxsCk8zqcuMTvLdPKfbH4AQYblatPgUbvTtfR-4FM81TQiJeR9N0w99p_54BvPL3ckPpaL9KaDkirO2hM","openid":"oJ93R07DIB5MLhMamBbdc6QErU8A","scope":"snsapi_base"}
[2018-04-05T18:18:40.219] [INFO] wechatOffical - 根据code获取的access_token数据：{"access_token":"8_HZ_4iZBI8KVusD7zij58VMEENtAwfdN-VAu2Xv7dpOoUcHBG4tZLrDNynoi3pX0F9fCBkApg2rtYn5Mp0h2hGvUeQWdNShVgOKes07kFJ64","expires_in":1522930700219,"refresh_token":"8_8Sr0LMGrRBmJuJZvipW52xG3EQgxsCk8zqcuMTvLdPKfbH4AQYblatPgUbvTtfR-4FM81TQiJeR9N0w99p_54BvPL3ckPpaL9KaDkirO2hM","openid":"oJ93R07DIB5MLhMamBbdc6QErU8A","scope":"snsapi_base"}
[2018-04-05T18:18:40.224] [INFO] wechatOffical - 数据查询用户是否存在：null
[2018-04-05T18:18:40.271] [INFO] wechatOffical - Token文件获取access_token：{"access_token":"8_9efjpkvsDQ1O8VIK5THT1nBhnFXDzTcMyuBMQxpp3MrfIOg6GAIz3iVJO_OsC8lUGsrKFnTRh8FVX-MU_GXQsVzC6HjR6mj48KkQd44o9Ww","expires_in":7200,"refresh_token":"8_N0Y3teVljybykHiPQxobd7iVq_bTqemUPG3AMvjSi0X5F2hERRgSpEDwktomP0QxAVXTItC-yAkDqDetj20X6yZlSIqiv9C1Vx1wRS4fnlQ","openid":"oJ93R07DIB5MLhMamBbdc6QErU8A","scope":"snsapi_base"}
[2018-04-05T18:18:40.274] [INFO] wechatOffical - Token处理后获取access_token：{"access_token":"8_9efjpkvsDQ1O8VIK5THT1nBhnFXDzTcMyuBMQxpp3MrfIOg6GAIz3iVJO_OsC8lUGsrKFnTRh8FVX-MU_GXQsVzC6HjR6mj48KkQd44o9Ww","expires_in":1522930700274,"refresh_token":"8_N0Y3teVljybykHiPQxobd7iVq_bTqemUPG3AMvjSi0X5F2hERRgSpEDwktomP0QxAVXTItC-yAkDqDetj20X6yZlSIqiv9C1Vx1wRS4fnlQ","openid":"oJ93R07DIB5MLhMamBbdc6QErU8A","scope":"snsapi_base"}
[2018-04-05T18:18:40.276] [INFO] wechatOffical - 根据code获取的access_token数据：{"access_token":"8_9efjpkvsDQ1O8VIK5THT1nBhnFXDzTcMyuBMQxpp3MrfIOg6GAIz3iVJO_OsC8lUGsrKFnTRh8FVX-MU_GXQsVzC6HjR6mj48KkQd44o9Ww","expires_in":1522930700274,"refresh_token":"8_N0Y3teVljybykHiPQxobd7iVq_bTqemUPG3AMvjSi0X5F2hERRgSpEDwktomP0QxAVXTItC-yAkDqDetj20X6yZlSIqiv9C1Vx1wRS4fnlQ","openid":"oJ93R07DIB5MLhMamBbdc6QErU8A","scope":"snsapi_base"}
[2018-04-05T18:18:40.284] [INFO] wechatOffical - 数据查询用户是否存在：null
[2018-04-05T18:18:48.709] [INFO] wechatOffical - 获取验证码请求过来的uid:undefined
[2018-04-05T18:18:54.027] [INFO] wechatOffical - 获取验证码请求过来的uid:undefined
[2018-04-05T18:19:02.845] [INFO] wechatOffical - 获取验证码请求过来的uid:undefined
[2018-04-05T18:19:56.708] [INFO] wechatOffical - class extends Model {}同步完成
[2018-04-05T18:19:56.713] [INFO] wechatOffical - 数据库同步完成
[2018-04-05T18:19:56.900] [INFO] wechatOffical - server run at http://0.0.0.0:1234
[2018-04-05T18:20:00.625] [INFO] wechatOffical - Token文件获取access_token：{"access_token":"8_DFPQX6UCtYdhmBr5dKKZ-TQhBuBKlIt2Mbeu4FZY-Ze-zJaapQrRrlJ5CpbOa633OQX6cxmlSINKizMQvIYGzZdkxvLbJy5o5K-k1XMpFdI","expires_in":7200,"refresh_token":"8_WDxvLmR2lBoxHmfPvUw0D2-GWbYcxPb-XMXjioWGV5MxGKYC_ggXkzM4we3NoRwO_hWJFYBC7dhmfrvIMq6fJAtEfXI1qy-cm4QQx9i3l9o","openid":"oJ93R07DIB5MLhMamBbdc6QErU8A","scope":"snsapi_base"}
[2018-04-05T18:20:00.628] [INFO] wechatOffical - Token处理后获取access_token：{"access_token":"8_DFPQX6UCtYdhmBr5dKKZ-TQhBuBKlIt2Mbeu4FZY-Ze-zJaapQrRrlJ5CpbOa633OQX6cxmlSINKizMQvIYGzZdkxvLbJy5o5K-k1XMpFdI","expires_in":1522930780628,"refresh_token":"8_WDxvLmR2lBoxHmfPvUw0D2-GWbYcxPb-XMXjioWGV5MxGKYC_ggXkzM4we3NoRwO_hWJFYBC7dhmfrvIMq6fJAtEfXI1qy-cm4QQx9i3l9o","openid":"oJ93R07DIB5MLhMamBbdc6QErU8A","scope":"snsapi_base"}
[2018-04-05T18:20:00.635] [INFO] wechatOffical - 根据code获取的access_token数据：{"access_token":"8_DFPQX6UCtYdhmBr5dKKZ-TQhBuBKlIt2Mbeu4FZY-Ze-zJaapQrRrlJ5CpbOa633OQX6cxmlSINKizMQvIYGzZdkxvLbJy5o5K-k1XMpFdI","expires_in":1522930780628,"refresh_token":"8_WDxvLmR2lBoxHmfPvUw0D2-GWbYcxPb-XMXjioWGV5MxGKYC_ggXkzM4we3NoRwO_hWJFYBC7dhmfrvIMq6fJAtEfXI1qy-cm4QQx9i3l9o","openid":"oJ93R07DIB5MLhMamBbdc6QErU8A","scope":"snsapi_base"}
[2018-04-05T18:20:00.678] [INFO] wechatOffical - 数据查询用户是否存在：null
[2018-04-05T18:20:10.763] [INFO] wechatOffical - 获取验证码请求过来的uid:渔夫123456
[2018-04-05T18:23:17.704] [INFO] wechatOffical - class extends Model {}同步完成
[2018-04-05T18:23:17.707] [INFO] wechatOffical - 数据库同步完成
[2018-04-05T18:23:17.947] [INFO] wechatOffical - server run at http://0.0.0.0:1234
[2018-04-05T18:23:26.854] [INFO] wechatOffical - Token文件获取access_token：{"access_token":"8_b2UO7W-tqCQCYR-CJOJoB-RocPkY7uzjP8zmOlcSFemnP7Dfmt2bZWBQa0oJMC8R9qMKoGu-0uV7obv82f5wPo3Z3yT4Suunlc12zl4_FTY","expires_in":7200,"refresh_token":"8_hjZoYnK5dt6g9BKsz6hrCsOk9DziVbUc6fr178wcov6zMbn26Rt-I-f0slTzXjr2TuYS9jXDliyak-Al9jZ3wPzY__mEai8zLt5GzDw_loU","openid":"oJ93R07DIB5MLhMamBbdc6QErU8A","scope":"snsapi_base"}
[2018-04-05T18:23:26.857] [INFO] wechatOffical - Token处理后获取access_token：{"access_token":"8_b2UO7W-tqCQCYR-CJOJoB-RocPkY7uzjP8zmOlcSFemnP7Dfmt2bZWBQa0oJMC8R9qMKoGu-0uV7obv82f5wPo3Z3yT4Suunlc12zl4_FTY","expires_in":1522930986857,"refresh_token":"8_hjZoYnK5dt6g9BKsz6hrCsOk9DziVbUc6fr178wcov6zMbn26Rt-I-f0slTzXjr2TuYS9jXDliyak-Al9jZ3wPzY__mEai8zLt5GzDw_loU","openid":"oJ93R07DIB5MLhMamBbdc6QErU8A","scope":"snsapi_base"}
[2018-04-05T18:23:26.862] [INFO] wechatOffical - 根据code获取的access_token数据：{"access_token":"8_b2UO7W-tqCQCYR-CJOJoB-RocPkY7uzjP8zmOlcSFemnP7Dfmt2bZWBQa0oJMC8R9qMKoGu-0uV7obv82f5wPo3Z3yT4Suunlc12zl4_FTY","expires_in":1522930986857,"refresh_token":"8_hjZoYnK5dt6g9BKsz6hrCsOk9DziVbUc6fr178wcov6zMbn26Rt-I-f0slTzXjr2TuYS9jXDliyak-Al9jZ3wPzY__mEai8zLt5GzDw_loU","openid":"oJ93R07DIB5MLhMamBbdc6QErU8A","scope":"snsapi_base"}
[2018-04-05T18:23:26.917] [INFO] wechatOffical - 数据查询用户是否存在：null
[2018-04-05T18:23:36.587] [INFO] wechatOffical - 获取验证码请求过来的uid:渔夫123456
[2018-04-05T18:24:53.190] [INFO] wechatOffical - class extends Model {}同步完成
[2018-04-05T18:24:53.195] [INFO] wechatOffical - 数据库同步完成
[2018-04-05T18:24:53.493] [INFO] wechatOffical - server run at http://0.0.0.0:1234
[2018-04-05T18:25:44.572] [INFO] wechatOffical - Token文件获取access_token：{"access_token":"8_6JIHxNqQZ182REnwNqE7TSYJjRyij-JwNLjE3oShee9hS5MAfOBjsSgH55xeuvtdWMbYgwOtkOAYGxGCzDMZVqFKZGOfyBayCGv9dSIssAM","expires_in":7200,"refresh_token":"8_LML3FjnM6OEzsk8fYmirVswvUqSgEq5g-d5uQEX323NMzcRDcVr5aj7kM9iuX2ZHL4SL37ThBzRh9ZEyAgkUFNw6f2XnCCYD25icYHZB1kc","openid":"oJ93R07DIB5MLhMamBbdc6QErU8A","scope":"snsapi_base"}
[2018-04-05T18:25:44.575] [INFO] wechatOffical - Token处理后获取access_token：{"access_token":"8_6JIHxNqQZ182REnwNqE7TSYJjRyij-JwNLjE3oShee9hS5MAfOBjsSgH55xeuvtdWMbYgwOtkOAYGxGCzDMZVqFKZGOfyBayCGv9dSIssAM","expires_in":1522931124575,"refresh_token":"8_LML3FjnM6OEzsk8fYmirVswvUqSgEq5g-d5uQEX323NMzcRDcVr5aj7kM9iuX2ZHL4SL37ThBzRh9ZEyAgkUFNw6f2XnCCYD25icYHZB1kc","openid":"oJ93R07DIB5MLhMamBbdc6QErU8A","scope":"snsapi_base"}
[2018-04-05T18:25:44.585] [INFO] wechatOffical - 根据code获取的access_token数据：{"access_token":"8_6JIHxNqQZ182REnwNqE7TSYJjRyij-JwNLjE3oShee9hS5MAfOBjsSgH55xeuvtdWMbYgwOtkOAYGxGCzDMZVqFKZGOfyBayCGv9dSIssAM","expires_in":1522931124575,"refresh_token":"8_LML3FjnM6OEzsk8fYmirVswvUqSgEq5g-d5uQEX323NMzcRDcVr5aj7kM9iuX2ZHL4SL37ThBzRh9ZEyAgkUFNw6f2XnCCYD25icYHZB1kc","openid":"oJ93R07DIB5MLhMamBbdc6QErU8A","scope":"snsapi_base"}
[2018-04-05T18:25:44.650] [INFO] wechatOffical - 数据查询用户是否存在：null
[2018-04-05T18:25:44.772] [INFO] wechatOffical - Token文件获取access_token：{"access_token":"8_WgzA90sW7SuTRQCcGxANeyO8tFXg0COyOPJE3zewo6p-TJNt052p7k4fwfrRQnF7yGMwZ7gIrGZBoF67C3d7aoGXzyX4m8PO_FCFLCjUoSI","expires_in":7200,"refresh_token":"8_N0Y3teVljybykHiPQxobd3McqWYJ7nyTQRMxAbInd3h8EIMYS4arQLZDsWAJyjWd9oocKrJsuKmJctK1mKhWYnoSveRLU2mopIF9iuOeiGg","openid":"oJ93R07DIB5MLhMamBbdc6QErU8A","scope":"snsapi_base"}
[2018-04-05T18:25:44.772] [INFO] wechatOffical - Token处理后获取access_token：{"access_token":"8_WgzA90sW7SuTRQCcGxANeyO8tFXg0COyOPJE3zewo6p-TJNt052p7k4fwfrRQnF7yGMwZ7gIrGZBoF67C3d7aoGXzyX4m8PO_FCFLCjUoSI","expires_in":1522931124772,"refresh_token":"8_N0Y3teVljybykHiPQxobd3McqWYJ7nyTQRMxAbInd3h8EIMYS4arQLZDsWAJyjWd9oocKrJsuKmJctK1mKhWYnoSveRLU2mopIF9iuOeiGg","openid":"oJ93R07DIB5MLhMamBbdc6QErU8A","scope":"snsapi_base"}
[2018-04-05T18:25:44.772] [INFO] wechatOffical - 根据code获取的access_token数据：{"access_token":"8_WgzA90sW7SuTRQCcGxANeyO8tFXg0COyOPJE3zewo6p-TJNt052p7k4fwfrRQnF7yGMwZ7gIrGZBoF67C3d7aoGXzyX4m8PO_FCFLCjUoSI","expires_in":1522931124772,"refresh_token":"8_N0Y3teVljybykHiPQxobd3McqWYJ7nyTQRMxAbInd3h8EIMYS4arQLZDsWAJyjWd9oocKrJsuKmJctK1mKhWYnoSveRLU2mopIF9iuOeiGg","openid":"oJ93R07DIB5MLhMamBbdc6QErU8A","scope":"snsapi_base"}
[2018-04-05T18:25:44.780] [INFO] wechatOffical - 数据查询用户是否存在：null
[2018-04-05T18:25:58.301] [INFO] wechatOffical - 获取验证码请求过来的uid:渔夫123456
[2018-04-05T18:26:32.896] [INFO] wechatOffical - class extends Model {}同步完成
[2018-04-05T18:26:32.901] [INFO] wechatOffical - 数据库同步完成
[2018-04-05T18:26:33.189] [INFO] wechatOffical - server run at http://0.0.0.0:1234
[2018-04-05T18:27:30.010] [INFO] wechatOffical - class extends Model {}同步完成
[2018-04-05T18:27:30.020] [INFO] wechatOffical - 数据库同步完成
[2018-04-05T18:27:30.242] [INFO] wechatOffical - server run at http://0.0.0.0:1234
[2018-04-05T18:27:45.178] [INFO] wechatOffical - Token文件获取access_token：{"access_token":"8_FNOLJW9acCTFrZgtUt3Da3qqyPy5eC_g7FlH8dTnQKld7Pg95t3MJSIfP80-ZVAnmFsx5N24xCfByV251pDTjX2rAcIyEuP8cPu1SluhCpY","expires_in":7200,"refresh_token":"8_ANaeOelMP_-ftPtGjn7w2igsJ4lSnYjBOG5wkeYh4Jsb0jR_v8XkuBr9wKEQ9MDAFXZNWbMcx-9HLZ8HUbp29ZHd6n_IbrF9KduFbcMDmm8","openid":"oJ93R07DIB5MLhMamBbdc6QErU8A","scope":"snsapi_base"}
[2018-04-05T18:27:45.178] [INFO] wechatOffical - Token处理后获取access_token：{"access_token":"8_FNOLJW9acCTFrZgtUt3Da3qqyPy5eC_g7FlH8dTnQKld7Pg95t3MJSIfP80-ZVAnmFsx5N24xCfByV251pDTjX2rAcIyEuP8cPu1SluhCpY","expires_in":1522931245178,"refresh_token":"8_ANaeOelMP_-ftPtGjn7w2igsJ4lSnYjBOG5wkeYh4Jsb0jR_v8XkuBr9wKEQ9MDAFXZNWbMcx-9HLZ8HUbp29ZHd6n_IbrF9KduFbcMDmm8","openid":"oJ93R07DIB5MLhMamBbdc6QErU8A","scope":"snsapi_base"}
[2018-04-05T18:27:45.178] [INFO] wechatOffical - 根据code获取的access_token数据：{"access_token":"8_FNOLJW9acCTFrZgtUt3Da3qqyPy5eC_g7FlH8dTnQKld7Pg95t3MJSIfP80-ZVAnmFsx5N24xCfByV251pDTjX2rAcIyEuP8cPu1SluhCpY","expires_in":1522931245178,"refresh_token":"8_ANaeOelMP_-ftPtGjn7w2igsJ4lSnYjBOG5wkeYh4Jsb0jR_v8XkuBr9wKEQ9MDAFXZNWbMcx-9HLZ8HUbp29ZHd6n_IbrF9KduFbcMDmm8","openid":"oJ93R07DIB5MLhMamBbdc6QErU8A","scope":"snsapi_base"}
[2018-04-05T18:27:45.209] [INFO] wechatOffical - 数据查询用户是否存在：null
[2018-04-05T18:27:45.330] [INFO] wechatOffical - Token文件获取access_token：{"access_token":"8_mZwD2RWk0g6uxS9zSexo35iWgKAmigyWRZdvgdCHVYvkZqOZmUUq8b-9yD5g04dxHSElaNHnYkyvzWLyEyXNEwzwOyHla0QUbaSNhYm-N-Y","expires_in":7200,"refresh_token":"8_KxRIYSnOe8ogTgxDBfZ40TGGNUv2dQkBgqUZp2djmYRFrU5f0BGR1U-0rLuv4VySAmj8CEPDMFmRRlFiFBb7Hrbdc6Svp5UMpPc7LzHAO5A","openid":"oJ93R07DIB5MLhMamBbdc6QErU8A","scope":"snsapi_base"}
[2018-04-05T18:27:45.333] [INFO] wechatOffical - Token处理后获取access_token：{"access_token":"8_mZwD2RWk0g6uxS9zSexo35iWgKAmigyWRZdvgdCHVYvkZqOZmUUq8b-9yD5g04dxHSElaNHnYkyvzWLyEyXNEwzwOyHla0QUbaSNhYm-N-Y","expires_in":1522931245333,"refresh_token":"8_KxRIYSnOe8ogTgxDBfZ40TGGNUv2dQkBgqUZp2djmYRFrU5f0BGR1U-0rLuv4VySAmj8CEPDMFmRRlFiFBb7Hrbdc6Svp5UMpPc7LzHAO5A","openid":"oJ93R07DIB5MLhMamBbdc6QErU8A","scope":"snsapi_base"}
[2018-04-05T18:27:45.333] [INFO] wechatOffical - 根据code获取的access_token数据：{"access_token":"8_mZwD2RWk0g6uxS9zSexo35iWgKAmigyWRZdvgdCHVYvkZqOZmUUq8b-9yD5g04dxHSElaNHnYkyvzWLyEyXNEwzwOyHla0QUbaSNhYm-N-Y","expires_in":1522931245333,"refresh_token":"8_KxRIYSnOe8ogTgxDBfZ40TGGNUv2dQkBgqUZp2djmYRFrU5f0BGR1U-0rLuv4VySAmj8CEPDMFmRRlFiFBb7Hrbdc6Svp5UMpPc7LzHAO5A","openid":"oJ93R07DIB5MLhMamBbdc6QErU8A","scope":"snsapi_base"}
[2018-04-05T18:27:45.343] [INFO] wechatOffical - 数据查询用户是否存在：null
[2018-04-05T18:27:54.842] [INFO] wechatOffical - 获取验证码请求过来的uid:一个123456
[2018-04-05T18:28:08.230] [INFO] wechatOffical - 获取验证码请求过来的uid:一个123456
